55 1
79 5001
1 2501
94 7501
24 1251
85 3751
39 6251
49 8751
7 626
64 1876
90 3126
41 4376
69 5626
83 6876
74 8126
67 9376
18 313
52 8751
78 2501
47 938
32 3751
48 4376
37 1563
11 2188
13 2813
20 3438
33 4063
95 4688
100 5313
3 5938
12 6563
81 7188
31 7813
42 8438
19 9063
88 9688
91 9375
9 469
63 5625
58 1563
4 1094
96 1719
61 2344
67 2969
34 3594
53 4219
80 4844
44 5938
17 4219
66 6250
54 8750
50 3594
69 5781
8 6406
23 6719
73 7344
92 703
29 235
97 9062
85 1094
93 1094
26 3594
75 6484
30 7344
18 7969
52 9218
68 9531
51 3985
56 2969
40 9844
19 1407
16 2032
7 2657
14 3282
99 4532
76 5157